<?xml version="1.0" encoding="UTF-8"?>
<testsuite name="PingPongTest" tests="5" skipped="0" failures="0" errors="0" timestamp="2020-01-24T08:49:06" hostname="moringaschool-hp-elitebook-840-g3-louis" time="0.004">
  <properties/>
  <testcase name="runPingPong_replaceMultiplesOfThree_ArrayList" classname="PingPongTest" time="0.002"/>
  <testcase name="runPingPong_replaceMultiplesOfBoth3And5_ArrayList" classname="PingPongTest" time="0.001"/>
  <testcase name="runPingPong_replaceMultiplesOfFive_ArrayList" classname="PingPongTest" time="0.0"/>
  <testcase name="runPingPong_countUpToOne_ArrayList" classname="PingPongTest" time="0.0"/>
  <testcase name="runPingPong_countToGivenNumber_ArrayList" classname="PingPongTest" time="0.0"/>
  <system-out><![CDATA[]]></system-out>
  <system-err><![CDATA[]]></system-err>
</testsuite>
